<?xml version="1.0" encoding="UTF-8"?>
<testsuites name="Posts" time="12.112" tests="3" failures="0" errors="0">
   <testsuite name="Posts" tests="3" failures="0" errors="0" time="12.112" skipped="0" timestamp="13-02-2024T08:31:27" hostname="farizsidik - localhost" id="Test Suites/Posts">
      <properties>
         <property name="deviceName" value=""/>
         <property name="devicePlatform" value=""/>
         <property name="logFolder" value="/Users/farizsidik/git/katalon-taskapi-farizsidik/Reports/20240213_083125/Posts/20240213_083126"/>
         <property name="logFiles" value="/Users/farizsidik/git/katalon-taskapi-farizsidik/Reports/20240213_083125/Posts/20240213_083126/execution0.log"/>
         <property name="attachments" value=""/>
         <property name="hostName" value="farizsidik - localhost"/>
         <property name="hostAddress" value="127.0.0.1"/>
         <property name="os" value="Mac OS X 64bit"/>
         <property name="katalonVersion" value="9.3.0.212"/>
      </properties>
      <testcase name="Test Cases/Posts/DEL ID 12" time="6.692" classname="Test Cases/Posts/DEL ID 12" status="PASSED">
         <system-out><![CDATA[13-02-2024T08:31:27 - [TEST_CASE][PASSED] - Test Cases/Posts/DEL ID 12: Test Cases/Posts/DEL ID 12

13-02-2024T08:31:30 - [TEST_STEP][PASSED] - sendRequestAndVerify(findTestObject("Posts/DEL ID 12")): Send request and verify the response successfully

13-02-2024T08:31:32 - [MESSAGE][INFO] - HAR: /Users/farizsidik/git/katalon-taskapi-farizsidik/Reports/20240213_083125/Posts/20240213_083126/requests/main/0.har

13-02-2024T08:31:32 - [TEST_CASE][PASSED] - Start Test Case : Verification: Verification accomplished successfully

13-02-2024T08:31:32 - [TEST_STEP][PASSED] - request = getInstance().getCurrentRequest(): null

13-02-2024T08:31:32 - [TEST_STEP][PASSED] - response = getInstance().getCurrentResponse(): null

13-02-2024T08:31:32 - [MESSAGE][PASSED] - Verify response successfully

13-02-2024T08:31:32 - [MESSAGE][PASSED] - All validation steps have been passed

13-02-2024T08:31:32 - [MESSAGE][PASSED] - Send request and verify the response successfully

13-02-2024T08:31:34 - [TEST_STEP][PASSED] - Video: Video recording for test case 'Test Cases/Posts/DEL ID 12' .

13-02-2024T08:31:34 - [MESSAGE][INFO] - Video recording for test case 'Test Cases/Posts/DEL ID 12' .]]></system-out>
         <system-err><![CDATA[]]></system-err>
      </testcase>
      <testcase name="Test Cases/Posts/GET ID 1" time="2.25" classname="Test Cases/Posts/GET ID 1" status="PASSED">
         <system-out><![CDATA[13-02-2024T08:31:34 - [TEST_CASE][PASSED] - Test Cases/Posts/GET ID 1: Test Cases/Posts/GET ID 1

13-02-2024T08:31:34 - [TEST_STEP][PASSED] - sendRequestAndVerify(findTestObject("Posts/GET ID 1", ["page":"2"])): Send request and verify the response successfully

13-02-2024T08:31:34 - [MESSAGE][INFO] - HAR: /Users/farizsidik/git/katalon-taskapi-farizsidik/Reports/20240213_083125/Posts/20240213_083126/requests/main/1.har

13-02-2024T08:31:34 - [TEST_CASE][PASSED] - Start Test Case : Verification: Verification accomplished successfully

13-02-2024T08:31:34 - [TEST_STEP][PASSED] - request = getInstance().getCurrentRequest(): null

13-02-2024T08:31:34 - [TEST_STEP][PASSED] - response = getInstance().getCurrentResponse(): null

13-02-2024T08:31:34 - [MESSAGE][PASSED] - Verify response successfully

13-02-2024T08:31:34 - [MESSAGE][PASSED] - All validation steps have been passed

13-02-2024T08:31:34 - [MESSAGE][PASSED] - Send request and verify the response successfully

13-02-2024T08:31:36 - [TEST_STEP][PASSED] - Video: Video recording for test case 'Test Cases/Posts/GET ID 1' .

13-02-2024T08:31:36 - [MESSAGE][INFO] - Video recording for test case 'Test Cases/Posts/GET ID 1' .]]></system-out>
         <system-err><![CDATA[]]></system-err>
      </testcase>
      <testcase name="Test Cases/Posts/POST ID 1" time="3.107" classname="Test Cases/Posts/POST ID 1" status="PASSED">
         <system-out><![CDATA[13-02-2024T08:31:36 - [TEST_CASE][PASSED] - Test Cases/Posts/POST ID 1: Test Cases/Posts/POST ID 1

13-02-2024T08:31:36 - [TEST_STEP][PASSED] - sendRequestAndVerify(findTestObject("Posts/POST ID", ["title":"ini", "body":"fariz", "userId":10])): Send request and verify the response successfully

13-02-2024T08:31:37 - [MESSAGE][INFO] - HAR: /Users/farizsidik/git/katalon-taskapi-farizsidik/Reports/20240213_083125/Posts/20240213_083126/requests/main/2.har

13-02-2024T08:31:37 - [TEST_CASE][PASSED] - Start Test Case : Verification: Verification accomplished successfully

13-02-2024T08:31:37 - [TEST_STEP][PASSED] - request = getInstance().getCurrentRequest(): null

13-02-2024T08:31:37 - [TEST_STEP][PASSED] - response = getInstance().getCurrentResponse(): null

13-02-2024T08:31:37 - [MESSAGE][PASSED] - Verify response successfully

13-02-2024T08:31:37 - [MESSAGE][PASSED] - All validation steps have been passed

13-02-2024T08:31:37 - [MESSAGE][PASSED] - Send request and verify the response successfully

13-02-2024T08:31:39 - [TEST_STEP][PASSED] - Video: Video recording for test case 'Test Cases/Posts/POST ID 1' .

13-02-2024T08:31:39 - [MESSAGE][INFO] - Video recording for test case 'Test Cases/Posts/POST ID 1' .]]></system-out>
         <system-err><![CDATA[]]></system-err>
      </testcase>
      <system-out><![CDATA[13-02-2024T08:31:27 - [TEST_SUITE][PASSED] - Posts: Test Cases/Posts/POST ID 1]]></system-out>
      <system-err><![CDATA[]]></system-err>
   </testsuite>
</testsuites>
